<?xml version="1.0" encoding="UTF-8"?>
<testng-results skipped="0" failed="0" ignored="0" total="1" passed="1">
  <reporter-output>
    <line>
      <![CDATA[hi............]]>
    </line>
  </reporter-output>
  <suite name="Default suite" duration-ms="31" started-at="2019-01-18T07:20:26Z" finished-at="2019-01-18T07:20:26Z">
    <groups>
    </groups>
    <test name="Default test" duration-ms="31" started-at="2019-01-18T07:20:26Z" finished-at="2019-01-18T07:20:26Z">
      <class name="generic.Test123">
        <test-method status="PASS" signature="Demo()[pri:0, instance:generic.Test123@111c2a7]" name="Demo" duration-ms="8" started-at="2019-01-18T07:20:26Z" finished-at="2019-01-18T07:20:26Z">
          <reporter-output>
            <line>
              <![CDATA[hi............]]>
            </line>
          </reporter-output>
        </test-method> <!-- Demo -->
      </class> <!-- generic.Test123 -->
    </test> <!-- Default test -->
  </suite> <!-- Default suite -->
</testng-results>
